<?xml version="1.0" encoding="UTF-8"?>
<testsuite xmlns:xsi="http://www.w3.org/2001/XMLSchema-instance" xsi:noNamespaceSchemaLocation="https://maven.apache.org/surefire/maven-surefire-plugin/xsd/surefire-test-report-3.0.xsd" version="3.0" name="com.indus.training.persist.dao.TestStudentDaoImpl" time="0.388" tests="4" errors="0" skipped="0" failures="0">
  <properties>
[...]
</properties>
  <testcase name="testUpdateStudentLastName" classname="com.indus.training.persist.dao.TestStudentDaoImpl" time="0.351">
    <system-out><![CDATA[true
]]></system-out>
  </testcase>
  <testcase name="testUpdateStudentFirstName" classname="com.indus.training.persist.dao.TestStudentDaoImpl" time="0.001">
    <system-out><![CDATA[true
]]></system-out>
  </testcase>
  <testcase name="testInsertStudent" classname="com.indus.training.persist.dao.TestStudentDaoImpl" time="0.006">
    <system-out><![CDATA[2024-08-24 21:27:52,949 main ERROR Unable to rename file C:\IndusProjects\Persistence\IndusStudentPersistence\.\logs\log.log to C:\IndusProjects\Persistence\IndusStudentPersistence\.\logs\log-21:27:52:945.log: java.nio.file.InvalidPathException Illegal char <:> at index 66: C:\IndusProjects\Persistence\IndusStudentPersistence\.\logs\log-21:27:52:945.log
false
]]></system-out>
  </testcase>
  <testcase name="testFetchStudent" classname="com.indus.training.persist.dao.TestStudentDaoImpl" time="0.003">
    <system-out><![CDATA[Student [studentId=1026, firstName=Teja, lastName=Badeeeee]
]]></system-out>
  </testcase>
</testsuite>